<?xml version="1.0" encoding="UTF-8"?>
<testsuite xmlns:xsi="http://www.w3.org/2001/XMLSchema-instance" xsi:noNamespaceSchemaLocation="https://maven.apache.org/surefire/maven-surefire-plugin/xsd/surefire-test-report-3.0.xsd" version="3.0" name="com.bilgeadam.springboot.SpringbootApplicationTests" time="0.107" tests="1" errors="0" skipped="0" failures="0">
  <properties>
[...]
</properties>
  <testcase name="contextLoads" classname="com.bilgeadam.springboot.SpringbootApplicationTests" time="0.064">
    <system-out><![CDATA[2023-12-09T12:52:34.935+03:00  INFO 13624 --- [           main] t.c.s.AnnotationConfigContextLoaderUtils : Could not detect default configuration classes for test class [com.bilgeadam.springboot.SpringbootApplicationTests]: SpringbootApplicationTests does not declare any static, non-private, non-final, nested classes annotated with @Configuration.
2023-12-09T12:52:34.947+03:00  INFO 13624 --- [           main] .b.t.c.SpringBootTestContextBootstrapper : Found @SpringBootConfiguration com.bilgeadam.springboot.SpringbootApplication for test class com.bilgeadam.springboot.SpringbootApplicationTests
]]></system-out>
  </testcase>
</testsuite>